Post Processor Report
OrCAD FILE: D:\UTENTI\00.CAD\00.PROGETTI\METALTRONICA\22-303-0 (CONTROLLO COLLIMATORE)\22-303-0.MAX
Sun Apr 09 12:29:43 2023

*********************************************************

Output file: D:\UTENTI\00.CAD\00.PROGETTI\METALTRONICA\22-303-0 (CONTROLLO COLLIMATORE)\22-303-0.TOP

Aperture totals for D:\UTENTI\00.CAD\00.PROGETTI\METALTRONICA\22-303-0 (CONTROLLO COLLIMATORE)\22-303-0.TOP:
---------------------------------------------------------
D10:  0.0394 ROUND  --       0 Draws,       3 Flashes
D11:  0.0501 x 0.0404 RECTANGLE -----      28 Flashes
D12:  0.1260 x 0.0630 RECTANGLE -----       6 Flashes
D13:  0.0380 x 0.0320 RECTANGLE -----      72 Flashes
D14:  0.0710 x 0.0400 RECTANGLE -----      10 Flashes
D15:  0.0404 x 0.0501 RECTANGLE -----       2 Flashes
D16:  0.0630 x 0.1260 RECTANGLE -----       4 Flashes
D17:  0.0320 x 0.0380 RECTANGLE -----      18 Flashes
D18:  0.0400 x 0.0710 RECTANGLE -----       4 Flashes
D19:  0.0886 x 0.0905 RECTANGLE -----      12 Flashes
D20:  0.1670 x 0.1500 RECTANGLE -----       2 Flashes
D21:  0.1500 x 0.1670 RECTANGLE -----       2 Flashes
D22:  0.0787 ROUND  --       0 Draws,      11 Flashes
D23:  0.0630 ROUND  --       0 Draws,       9 Flashes
D24:  0.0630 x 0.0610 RECTANGLE -----       1 Flashes
D25:  0.0669 ROUND  --       0 Draws,       3 Flashes
D26:  0.0669 SQUARE --       0 Draws,       1 Flashes
D27:  0.0590 ROUND  --       0 Draws,      17 Flashes
D28:  0.0630 SQUARE --       0 Draws,       6 Flashes
D29:  0.0118 x 0.0394 RECTANGLE -----       6 Flashes
D30:  0.0650 x 0.0512 RECTANGLE -----       2 Flashes
D31:  0.1000 ROUND  --       0 Draws,       2 Flashes
D32:  0.0787 SQUARE --       0 Draws,       1 Flashes
D33:  0.0187 ROUND  --       0 Draws,       2 Flashes
D34:  0.2362 ROUND  --       0 Draws,       5 Flashes
D35:  0.0866 x 0.0630 RECTANGLE -----       2 Flashes
D36:  0.1080 x 0.0850 RECTANGLE -----       8 Flashes
D37:  0.1701 x 0.1181 RECTANGLE -----       3 Flashes
D38:  0.0177 x 0.0649 RECTANGLE -----      72 Flashes
D39:  0.1181 x 0.1701 RECTANGLE -----       2 Flashes
D40:  0.0649 x 0.0177 RECTANGLE -----      48 Flashes
D41:  0.0270 x 0.0500 RECTANGLE -----       5 Flashes
D42:  0.0400 x 0.0500 RECTANGLE -----       3 Flashes
D43:  0.0800 ROUND  --       0 Draws,       3 Flashes
D44:  0.0110 x 0.0700 OBLONG    -----      28 Flashes
D45:  0.0110 x 0.0700 RECTANGLE -----       4 Flashes
D46:  0.0700 x 0.0110 OBLONG    -----      29 Flashes
D47:  0.0700 x 0.0110 RECTANGLE -----       3 Flashes
D48:  0.0394 x 0.0197 RECTANGLE -----       2 Flashes
D49:  0.0236 ROUND  --       0 Draws,     110 Flashes
D50:  0.0050 ROUND  --     126 Draws,       0 Flashes
D51:  0.0100 ROUND  --   11610 Draws,       0 Flashes
D52:  0.0080 ROUND  --     924 Draws,       3 Flashes
D53:  0.0236 ROUND  --       0 Draws,     415 Flashes
D54:  0.0150 ROUND  --     208 Draws,       0 Flashes
D55:  0.0250 ROUND  --      84 Draws,       0 Flashes
D56:  0.0500 ROUND  --      80 Draws,       0 Flashes
D57:  0.0120 ROUND  --      40 Draws,       0 Flashes
D58:  0.0236 ROUND  --       0 Draws,       5 Flashes
---------------------------------------------------------
 49 D-Codes      -----   13072 Draws,     974 Flashes

*********************************************************

Output file: D:\UTENTI\00.CAD\00.PROGETTI\METALTRONICA\22-303-0 (CONTROLLO COLLIMATORE)\22-303-0.BOT

Aperture totals for D:\UTENTI\00.CAD\00.PROGETTI\METALTRONICA\22-303-0 (CONTROLLO COLLIMATORE)\22-303-0.BOT:
---------------------------------------------------------
D10:  0.0394 ROUND  --       0 Draws,       3 Flashes
D11:  0.0501 x 0.0404 RECTANGLE -----      12 Flashes
D13:  0.0380 x 0.0320 RECTANGLE -----     126 Flashes
D14:  0.0710 x 0.0400 RECTANGLE -----      14 Flashes
D17:  0.0320 x 0.0380 RECTANGLE -----      18 Flashes
D18:  0.0400 x 0.0710 RECTANGLE -----      12 Flashes
D22:  0.0787 ROUND  --       0 Draws,      11 Flashes
D23:  0.0630 ROUND  --       0 Draws,       9 Flashes
D24:  0.0630 x 0.0610 RECTANGLE -----       1 Flashes
D25:  0.0669 ROUND  --       0 Draws,       3 Flashes
D26:  0.0669 SQUARE --       0 Draws,       1 Flashes
D27:  0.0590 ROUND  --       0 Draws,      17 Flashes
D28:  0.0630 SQUARE --       0 Draws,       6 Flashes
D31:  0.1000 ROUND  --       0 Draws,       2 Flashes
D32:  0.0787 SQUARE --       0 Draws,       1 Flashes
D34:  0.2362 ROUND  --       0 Draws,       5 Flashes
D42:  0.0400 x 0.0500 RECTANGLE -----      27 Flashes
D43:  0.0800 ROUND  --       0 Draws,       3 Flashes
D49:  0.0236 ROUND  --       0 Draws,     110 Flashes
D51:  0.0100 ROUND  --   10994 Draws,       0 Flashes
D52:  0.0080 ROUND  --     965 Draws,       1 Flashes
D53:  0.0236 ROUND  --       0 Draws,     417 Flashes
D54:  0.0150 ROUND  --     309 Draws,       0 Flashes
D55:  0.0250 ROUND  --      95 Draws,       0 Flashes
D56:  0.0500 ROUND  --       4 Draws,       0 Flashes
D57:  0.0120 ROUND  --      15 Draws,       0 Flashes
D58:  0.0236 ROUND  --       0 Draws,       3 Flashes
D59:  0.1024 x 0.0510 RECTANGLE -----       2 Flashes
D60:  0.0197 x 0.0315 RECTANGLE -----      24 Flashes
D61:  0.0413 x 0.0236 RECTANGLE -----       4 Flashes
D62:  0.0500 x 0.0400 RECTANGLE -----      18 Flashes
D63:  0.0650 x 0.0256 OBLONG    -----       8 Flashes
D64:  0.0236 x 0.0157 RECTANGLE -----      25 Flashes
D65:  0.0590 x 0.0118 OBLONG    -----      60 Flashes
D66:  0.0118 x 0.0590 OBLONG    -----      40 Flashes
D67:  0.1580 x 0.0680 RECTANGLE -----       2 Flashes
D68:  0.0550 x 0.0680 RECTANGLE -----       6 Flashes
D69:  0.0354 x 0.0512 RECTANGLE -----       4 Flashes
D70:  0.0236 x 0.0512 RECTANGLE -----       8 Flashes
---------------------------------------------------------
 39 D-Codes      -----   12382 Draws,    1003 Flashes

*********************************************************

Output file: D:\UTENTI\00.CAD\00.PROGETTI\METALTRONICA\22-303-0 (CONTROLLO COLLIMATORE)\22-303-0.GND

Aperture totals for D:\UTENTI\00.CAD\00.PROGETTI\METALTRONICA\22-303-0 (CONTROLLO COLLIMATORE)\22-303-0.GND:
---------------------------------------------------------
D51:  0.0100 ROUND  --      20 Draws,       0 Flashes
D52:  0.0080 ROUND  --      20 Draws,       0 Flashes
D71:  0.0866 ROUND  --       0 Draws,       1 Flashes
D72:  0.1252 OD, 0.1012 ID THERMAL --       3 Flashes
D73:  0.0866 ROUND  --       0 Draws,       2 Flashes
D74:  0.0710 ROUND  --       0 Draws,       9 Flashes
D75:  0.0710 SQUARE --       0 Draws,       1 Flashes
D76:  0.0787 ROUND  --       0 Draws,       2 Flashes
D77:  0.1173 OD, 0.0933 ID THERMAL --       1 Flashes
D78:  0.0787 SQUARE --       0 Draws,       1 Flashes
D79:  0.0708 ROUND  --       0 Draws,      16 Flashes
D80:  0.0708 SQUARE --       0 Draws,       6 Flashes
D81:  0.1094 OD, 0.0854 ID THERMAL --       1 Flashes
D82:  0.1240 ROUND  --       0 Draws,       2 Flashes
D83:  0.1027 ROUND  --       0 Draws,       4 Flashes
D84:  0.1173 OD, 0.0933 ID THERMAL --       1 Flashes
D85:  0.0984 SQUARE --       0 Draws,       1 Flashes
D86:  0.2559 ROUND  --       0 Draws,       5 Flashes
D87:  0.1100 ROUND  --       0 Draws,       1 Flashes
D88:  0.1173 OD, 0.0933 ID THERMAL --       1 Flashes
D89:  0.1100 ROUND  --       0 Draws,       1 Flashes
D90:  0.0050 ROUND  --       0 Draws,     189 Flashes
D91:  0.0394 ROUND  --       0 Draws,     186 Flashes
D92:  0.0394 ROUND  --       0 Draws,     153 Flashes
D93:  0.0050 ROUND  --       0 Draws,       2 Flashes
---------------------------------------------------------
 25 D-Codes      -----      40 Draws,     589 Flashes

*********************************************************

Output file: D:\UTENTI\00.CAD\00.PROGETTI\METALTRONICA\22-303-0 (CONTROLLO COLLIMATORE)\22-303-0.PWR

Aperture totals for D:\UTENTI\00.CAD\00.PROGETTI\METALTRONICA\22-303-0 (CONTROLLO COLLIMATORE)\22-303-0.PWR:
---------------------------------------------------------
D51:  0.0100 ROUND  --      20 Draws,       0 Flashes
D52:  0.0080 ROUND  --      20 Draws,       0 Flashes
D71:  0.0866 ROUND  --       0 Draws,       6 Flashes
D84:  0.1173 OD, 0.0933 ID THERMAL --       1 Flashes
D85:  0.0984 SQUARE --       0 Draws,       1 Flashes
D86:  0.2559 ROUND  --       0 Draws,       5 Flashes
D87:  0.1100 ROUND  --       0 Draws,       3 Flashes
D90:  0.0050 ROUND  --       0 Draws,      35 Flashes
D91:  0.0394 ROUND  --       0 Draws,     340 Flashes
D92:  0.0394 ROUND  --       0 Draws,     155 Flashes
D94:  0.0710 ROUND  --       0 Draws,       9 Flashes
D95:  0.0710 SQUARE --       0 Draws,       1 Flashes
D96:  0.0787 ROUND  --       0 Draws,       3 Flashes
D97:  0.0787 SQUARE --       0 Draws,       1 Flashes
D98:  0.0708 ROUND  --       0 Draws,      17 Flashes
D99:  0.0708 SQUARE --       0 Draws,       6 Flashes
D100: 0.1240 ROUND  --       0 Draws,       2 Flashes
D101: 0.1027 ROUND  --       0 Draws,       4 Flashes
---------------------------------------------------------
 18 D-Codes      -----      40 Draws,     589 Flashes

*********************************************************

Output file: D:\UTENTI\00.CAD\00.PROGETTI\METALTRONICA\22-303-0 (CONTROLLO COLLIMATORE)\22-303-0.IN1

Aperture totals for D:\UTENTI\00.CAD\00.PROGETTI\METALTRONICA\22-303-0 (CONTROLLO COLLIMATORE)\22-303-0.IN1:
---------------------------------------------------------
D22:  0.0787 ROUND  --       0 Draws,      11 Flashes
D23:  0.0630 ROUND  --       0 Draws,      13 Flashes
D26:  0.0669 SQUARE --       0 Draws,       1 Flashes
D27:  0.0590 ROUND  --       0 Draws,      17 Flashes
D28:  0.0630 SQUARE --       0 Draws,       6 Flashes
D31:  0.1000 ROUND  --       0 Draws,       2 Flashes
D32:  0.0787 SQUARE --       0 Draws,       1 Flashes
D34:  0.2362 ROUND  --       0 Draws,       5 Flashes
D43:  0.0800 ROUND  --       0 Draws,       3 Flashes
D49:  0.0236 ROUND  --       0 Draws,     110 Flashes
D51:  0.0100 ROUND  --    7756 Draws,       0 Flashes
D52:  0.0080 ROUND  --     309 Draws,       0 Flashes
D53:  0.0236 ROUND  --       0 Draws,     306 Flashes
D54:  0.0150 ROUND  --       8 Draws,       0 Flashes
D55:  0.0250 ROUND  --       2 Draws,       0 Flashes
D56:  0.0500 ROUND  --      30 Draws,       0 Flashes
D58:  0.0236 ROUND  --       0 Draws,     108 Flashes
D102: 0.0236 ROUND  --       0 Draws,       6 Flashes
---------------------------------------------------------
 18 D-Codes      -----    8105 Draws,     589 Flashes

*********************************************************

Output file: D:\UTENTI\00.CAD\00.PROGETTI\METALTRONICA\22-303-0 (CONTROLLO COLLIMATORE)\22-303-0.IN2

Aperture totals for D:\UTENTI\00.CAD\00.PROGETTI\METALTRONICA\22-303-0 (CONTROLLO COLLIMATORE)\22-303-0.IN2:
---------------------------------------------------------
D22:  0.0787 ROUND  --       0 Draws,      11 Flashes
D23:  0.0630 ROUND  --       0 Draws,      10 Flashes
D25:  0.0669 ROUND  --       0 Draws,       3 Flashes
D26:  0.0669 SQUARE --       0 Draws,       1 Flashes
D27:  0.0590 ROUND  --       0 Draws,      17 Flashes
D28:  0.0630 SQUARE --       0 Draws,       6 Flashes
D31:  0.1000 ROUND  --       0 Draws,       2 Flashes
D32:  0.0787 SQUARE --       0 Draws,       1 Flashes
D34:  0.2362 ROUND  --       0 Draws,       5 Flashes
D43:  0.0800 ROUND  --       0 Draws,       3 Flashes
D49:  0.0236 ROUND  --       0 Draws,     110 Flashes
D51:  0.0100 ROUND  --    9644 Draws,       0 Flashes
D52:  0.0080 ROUND  --     477 Draws,       0 Flashes
D53:  0.0236 ROUND  --       0 Draws,     292 Flashes
D54:  0.0150 ROUND  --      17 Draws,       0 Flashes
D57:  0.0120 ROUND  --       6 Draws,       0 Flashes
D58:  0.0236 ROUND  --       0 Draws,     124 Flashes
D102: 0.0236 ROUND  --       0 Draws,       4 Flashes
---------------------------------------------------------
 18 D-Codes      -----   10144 Draws,     589 Flashes

*********************************************************

Output file: D:\UTENTI\00.CAD\00.PROGETTI\METALTRONICA\22-303-0 (CONTROLLO COLLIMATORE)\22-303-0.SMT

Aperture totals for D:\UTENTI\00.CAD\00.PROGETTI\METALTRONICA\22-303-0 (CONTROLLO COLLIMATORE)\22-303-0.SMT:
---------------------------------------------------------
D11:  0.0501 x 0.0404 RECTANGLE -----      28 Flashes
D12:  0.1260 x 0.0630 RECTANGLE -----       6 Flashes
D13:  0.0380 x 0.0320 RECTANGLE -----      72 Flashes
D14:  0.0710 x 0.0400 RECTANGLE -----      10 Flashes
D15:  0.0404 x 0.0501 RECTANGLE -----       2 Flashes
D16:  0.0630 x 0.1260 RECTANGLE -----       4 Flashes
D17:  0.0320 x 0.0380 RECTANGLE -----      18 Flashes
D18:  0.0400 x 0.0710 RECTANGLE -----       4 Flashes
D19:  0.0886 x 0.0905 RECTANGLE -----      12 Flashes
D20:  0.1670 x 0.1500 RECTANGLE -----       2 Flashes
D21:  0.1500 x 0.1670 RECTANGLE -----       2 Flashes
D22:  0.0787 ROUND  --       0 Draws,      11 Flashes
D23:  0.0630 ROUND  --       0 Draws,       9 Flashes
D24:  0.0630 x 0.0610 RECTANGLE -----       1 Flashes
D25:  0.0669 ROUND  --       0 Draws,       3 Flashes
D26:  0.0669 SQUARE --       0 Draws,       1 Flashes
D27:  0.0590 ROUND  --       0 Draws,      20 Flashes
D28:  0.0630 SQUARE --       0 Draws,       6 Flashes
D29:  0.0118 x 0.0394 RECTANGLE -----       6 Flashes
D30:  0.0650 x 0.0512 RECTANGLE -----       2 Flashes
D31:  0.1000 ROUND  --       0 Draws,       2 Flashes
D32:  0.0787 SQUARE --       0 Draws,       1 Flashes
D34:  0.2362 ROUND  --       0 Draws,       5 Flashes
D35:  0.0866 x 0.0630 RECTANGLE -----       2 Flashes
D36:  0.1080 x 0.0850 RECTANGLE -----       8 Flashes
D37:  0.1701 x 0.1181 RECTANGLE -----       3 Flashes
D38:  0.0177 x 0.0649 RECTANGLE -----      72 Flashes
D39:  0.1181 x 0.1701 RECTANGLE -----       2 Flashes
D40:  0.0649 x 0.0177 RECTANGLE -----      48 Flashes
D41:  0.0270 x 0.0500 RECTANGLE -----       5 Flashes
D42:  0.0400 x 0.0500 RECTANGLE -----       3 Flashes
D43:  0.0800 ROUND  --       0 Draws,       3 Flashes
D44:  0.0110 x 0.0700 OBLONG    -----      28 Flashes
D45:  0.0110 x 0.0700 RECTANGLE -----       4 Flashes
D46:  0.0700 x 0.0110 OBLONG    -----      29 Flashes
D47:  0.0700 x 0.0110 RECTANGLE -----       3 Flashes
D48:  0.0394 x 0.0197 RECTANGLE -----       2 Flashes
D50:  0.0050 ROUND  --     160 Draws,       0 Flashes
---------------------------------------------------------
 38 D-Codes      -----     160 Draws,     439 Flashes

*********************************************************

Output file: D:\UTENTI\00.CAD\00.PROGETTI\METALTRONICA\22-303-0 (CONTROLLO COLLIMATORE)\22-303-0.SMB

Aperture totals for D:\UTENTI\00.CAD\00.PROGETTI\METALTRONICA\22-303-0 (CONTROLLO COLLIMATORE)\22-303-0.SMB:
---------------------------------------------------------
D11:  0.0501 x 0.0404 RECTANGLE -----      12 Flashes
D13:  0.0380 x 0.0320 RECTANGLE -----     126 Flashes
D14:  0.0710 x 0.0400 RECTANGLE -----      14 Flashes
D17:  0.0320 x 0.0380 RECTANGLE -----      18 Flashes
D18:  0.0400 x 0.0710 RECTANGLE -----      12 Flashes
D22:  0.0787 ROUND  --       0 Draws,      11 Flashes
D23:  0.0630 ROUND  --       0 Draws,       9 Flashes
D24:  0.0630 x 0.0610 RECTANGLE -----       1 Flashes
D25:  0.0669 ROUND  --       0 Draws,       3 Flashes
D26:  0.0669 SQUARE --       0 Draws,       1 Flashes
D27:  0.0590 ROUND  --       0 Draws,      20 Flashes
D28:  0.0630 SQUARE --       0 Draws,       6 Flashes
D31:  0.1000 ROUND  --       0 Draws,       2 Flashes
D32:  0.0787 SQUARE --       0 Draws,       1 Flashes
D34:  0.2362 ROUND  --       0 Draws,       5 Flashes
D42:  0.0400 x 0.0500 RECTANGLE -----      27 Flashes
D43:  0.0800 ROUND  --       0 Draws,       3 Flashes
D51:  0.0100 ROUND  --     504 Draws,       0 Flashes
D59:  0.1024 x 0.0510 RECTANGLE -----       2 Flashes
D60:  0.0197 x 0.0315 RECTANGLE -----      24 Flashes
D61:  0.0413 x 0.0236 RECTANGLE -----       4 Flashes
D62:  0.0500 x 0.0400 RECTANGLE -----      18 Flashes
D63:  0.0650 x 0.0256 OBLONG    -----       8 Flashes
D64:  0.0236 x 0.0157 RECTANGLE -----      25 Flashes
D65:  0.0590 x 0.0118 OBLONG    -----      60 Flashes
D66:  0.0118 x 0.0590 OBLONG    -----      40 Flashes
D67:  0.1580 x 0.0680 RECTANGLE -----       2 Flashes
D68:  0.0550 x 0.0680 RECTANGLE -----       6 Flashes
D69:  0.0354 x 0.0512 RECTANGLE -----       4 Flashes
D70:  0.0236 x 0.0512 RECTANGLE -----       8 Flashes
---------------------------------------------------------
 30 D-Codes      -----     504 Draws,     472 Flashes

*********************************************************

Output file: D:\UTENTI\00.CAD\00.PROGETTI\METALTRONICA\22-303-0 (CONTROLLO COLLIMATORE)\22-303-0.SPT

Aperture totals for D:\UTENTI\00.CAD\00.PROGETTI\METALTRONICA\22-303-0 (CONTROLLO COLLIMATORE)\22-303-0.SPT:
---------------------------------------------------------
D11:  0.0501 x 0.0404 RECTANGLE -----      28 Flashes
D12:  0.1260 x 0.0630 RECTANGLE -----       6 Flashes
D13:  0.0380 x 0.0320 RECTANGLE -----      72 Flashes
D14:  0.0710 x 0.0400 RECTANGLE -----      10 Flashes
D15:  0.0404 x 0.0501 RECTANGLE -----       2 Flashes
D16:  0.0630 x 0.1260 RECTANGLE -----       4 Flashes
D17:  0.0320 x 0.0380 RECTANGLE -----      18 Flashes
D18:  0.0400 x 0.0710 RECTANGLE -----       4 Flashes
D19:  0.0886 x 0.0905 RECTANGLE -----      12 Flashes
D20:  0.1670 x 0.1500 RECTANGLE -----       2 Flashes
D21:  0.1500 x 0.1670 RECTANGLE -----       2 Flashes
D29:  0.0118 x 0.0394 RECTANGLE -----       6 Flashes
D30:  0.0650 x 0.0512 RECTANGLE -----       2 Flashes
D35:  0.0866 x 0.0630 RECTANGLE -----       2 Flashes
D36:  0.1080 x 0.0850 RECTANGLE -----       8 Flashes
D38:  0.0177 x 0.0649 RECTANGLE -----      72 Flashes
D40:  0.0649 x 0.0177 RECTANGLE -----      48 Flashes
D41:  0.0270 x 0.0500 RECTANGLE -----       5 Flashes
D42:  0.0400 x 0.0500 RECTANGLE -----       3 Flashes
D44:  0.0110 x 0.0700 OBLONG    -----      28 Flashes
D45:  0.0110 x 0.0700 RECTANGLE -----       4 Flashes
D46:  0.0700 x 0.0110 OBLONG    -----      29 Flashes
D47:  0.0700 x 0.0110 RECTANGLE -----       3 Flashes
D48:  0.0394 x 0.0197 RECTANGLE -----       2 Flashes
D50:  0.0050 ROUND  --     160 Draws,       0 Flashes
D51:  0.0100 ROUND  --     300 Draws,       0 Flashes
---------------------------------------------------------
 26 D-Codes      -----     460 Draws,     372 Flashes

*********************************************************

Output file: D:\UTENTI\00.CAD\00.PROGETTI\METALTRONICA\22-303-0 (CONTROLLO COLLIMATORE)\22-303-0.SPB

Aperture totals for D:\UTENTI\00.CAD\00.PROGETTI\METALTRONICA\22-303-0 (CONTROLLO COLLIMATORE)\22-303-0.SPB:
---------------------------------------------------------
D11:  0.0501 x 0.0404 RECTANGLE -----      12 Flashes
D13:  0.0380 x 0.0320 RECTANGLE -----     126 Flashes
D14:  0.0710 x 0.0400 RECTANGLE -----      14 Flashes
D17:  0.0320 x 0.0380 RECTANGLE -----      18 Flashes
D18:  0.0400 x 0.0710 RECTANGLE -----      12 Flashes
D42:  0.0400 x 0.0500 RECTANGLE -----      27 Flashes
D59:  0.1024 x 0.0510 RECTANGLE -----       2 Flashes
D60:  0.0197 x 0.0315 RECTANGLE -----      24 Flashes
D61:  0.0413 x 0.0236 RECTANGLE -----       4 Flashes
D62:  0.0500 x 0.0400 RECTANGLE -----      18 Flashes
D63:  0.0650 x 0.0256 OBLONG    -----       8 Flashes
D64:  0.0236 x 0.0157 RECTANGLE -----      25 Flashes
D65:  0.0590 x 0.0118 OBLONG    -----      60 Flashes
D66:  0.0118 x 0.0590 OBLONG    -----      40 Flashes
D67:  0.1580 x 0.0680 RECTANGLE -----       2 Flashes
D68:  0.0550 x 0.0680 RECTANGLE -----       6 Flashes
D69:  0.0354 x 0.0512 RECTANGLE -----       4 Flashes
D70:  0.0236 x 0.0512 RECTANGLE -----       8 Flashes
---------------------------------------------------------
 18 D-Codes      -----       0 Draws,     410 Flashes

*********************************************************

Output file: D:\UTENTI\00.CAD\00.PROGETTI\METALTRONICA\22-303-0 (CONTROLLO COLLIMATORE)\22-303-0.SST

Aperture totals for D:\UTENTI\00.CAD\00.PROGETTI\METALTRONICA\22-303-0 (CONTROLLO COLLIMATORE)\22-303-0.SST:
---------------------------------------------------------
D50:  0.0050 ROUND  --       4 Draws,       0 Flashes
D51:  0.0100 ROUND  --     160 Draws,       0 Flashes
D52:  0.0080 ROUND  --     105 Draws,       0 Flashes
D103: 0.0060 ROUND  --    3656 Draws,       1 Flashes
D104: 0.0079 ROUND  --     249 Draws,       0 Flashes
D105: 0.0059 ROUND  --     158 Draws,       0 Flashes
D106: 0.0078 ROUND  --      13 Draws,       0 Flashes
---------------------------------------------------------
  7 D-Codes      -----    4345 Draws,       1 Flashes

*********************************************************

Output file: D:\UTENTI\00.CAD\00.PROGETTI\METALTRONICA\22-303-0 (CONTROLLO COLLIMATORE)\22-303-0.SSB

Aperture totals for D:\UTENTI\00.CAD\00.PROGETTI\METALTRONICA\22-303-0 (CONTROLLO COLLIMATORE)\22-303-0.SSB:
---------------------------------------------------------
D103: 0.0060 ROUND  --    3188 Draws,       0 Flashes
D104: 0.0079 ROUND  --       5 Draws,       0 Flashes
---------------------------------------------------------
  2 D-Codes      -----    3193 Draws,       0 Flashes

*********************************************************

Output file: D:\UTENTI\00.CAD\00.PROGETTI\METALTRONICA\22-303-0 (CONTROLLO COLLIMATORE)\22-303-0.DRD

Aperture totals for D:\UTENTI\00.CAD\00.PROGETTI\METALTRONICA\22-303-0 (CONTROLLO COLLIMATORE)\22-303-0.DRD:
---------------------------------------------------------
D51:  0.0100 ROUND  --    2377 Draws,       0 Flashes
---------------------------------------------------------
  1 D-Codes      -----    2377 Draws,       0 Flashes


*********************************************************

Aperture totals for entire project:
---------------------------------------------------------
D10:  0.0394 ROUND  --       0 Draws,       6 Flashes
D11:  0.0501 x 0.0404 RECTANGLE -----     120 Flashes
D12:  0.1260 x 0.0630 RECTANGLE -----      18 Flashes
D13:  0.0380 x 0.0320 RECTANGLE -----     594 Flashes
D14:  0.0710 x 0.0400 RECTANGLE -----      72 Flashes
D15:  0.0404 x 0.0501 RECTANGLE -----       6 Flashes
D16:  0.0630 x 0.1260 RECTANGLE -----      12 Flashes
D17:  0.0320 x 0.0380 RECTANGLE -----     108 Flashes
D18:  0.0400 x 0.0710 RECTANGLE -----      48 Flashes
D19:  0.0886 x 0.0905 RECTANGLE -----      36 Flashes
D20:  0.1670 x 0.1500 RECTANGLE -----       6 Flashes
D21:  0.1500 x 0.1670 RECTANGLE -----       6 Flashes
D22:  0.0787 ROUND  --       0 Draws,      66 Flashes
D23:  0.0630 ROUND  --       0 Draws,      59 Flashes
D24:  0.0630 x 0.0610 RECTANGLE -----       4 Flashes
D25:  0.0669 ROUND  --       0 Draws,      15 Flashes
D26:  0.0669 SQUARE --       0 Draws,       6 Flashes
D27:  0.0590 ROUND  --       0 Draws,     108 Flashes
D28:  0.0630 SQUARE --       0 Draws,      36 Flashes
D29:  0.0118 x 0.0394 RECTANGLE -----      18 Flashes
D30:  0.0650 x 0.0512 RECTANGLE -----       6 Flashes
D31:  0.1000 ROUND  --       0 Draws,      12 Flashes
D32:  0.0787 SQUARE --       0 Draws,       6 Flashes
D33:  0.0187 ROUND  --       0 Draws,       2 Flashes
D34:  0.2362 ROUND  --       0 Draws,      30 Flashes
D35:  0.0866 x 0.0630 RECTANGLE -----       6 Flashes
D36:  0.1080 x 0.0850 RECTANGLE -----      24 Flashes
D37:  0.1701 x 0.1181 RECTANGLE -----       6 Flashes
D38:  0.0177 x 0.0649 RECTANGLE -----     216 Flashes
D39:  0.1181 x 0.1701 RECTANGLE -----       4 Flashes
D40:  0.0649 x 0.0177 RECTANGLE -----     144 Flashes
D41:  0.0270 x 0.0500 RECTANGLE -----      15 Flashes
D42:  0.0400 x 0.0500 RECTANGLE -----      90 Flashes
D43:  0.0800 ROUND  --       0 Draws,      18 Flashes
D44:  0.0110 x 0.0700 OBLONG    -----      84 Flashes
D45:  0.0110 x 0.0700 RECTANGLE -----      12 Flashes
D46:  0.0700 x 0.0110 OBLONG    -----      87 Flashes
D47:  0.0700 x 0.0110 RECTANGLE -----       9 Flashes
D48:  0.0394 x 0.0197 RECTANGLE -----       6 Flashes
D49:  0.0236 ROUND  --       0 Draws,     440 Flashes
D50:  0.0050 ROUND  --     450 Draws,       0 Flashes
D51:  0.0100 ROUND  --   43385 Draws,       0 Flashes
D52:  0.0080 ROUND  --    2820 Draws,       4 Flashes
D53:  0.0236 ROUND  --       0 Draws,    1430 Flashes
D54:  0.0150 ROUND  --     542 Draws,       0 Flashes
D55:  0.0250 ROUND  --     181 Draws,       0 Flashes
D56:  0.0500 ROUND  --     114 Draws,       0 Flashes
D57:  0.0120 ROUND  --      61 Draws,       0 Flashes
D58:  0.0236 ROUND  --       0 Draws,     240 Flashes
D59:  0.1024 x 0.0510 RECTANGLE -----       6 Flashes
D60:  0.0197 x 0.0315 RECTANGLE -----      72 Flashes
D61:  0.0413 x 0.0236 RECTANGLE -----      12 Flashes
D62:  0.0500 x 0.0400 RECTANGLE -----      54 Flashes
D63:  0.0650 x 0.0256 OBLONG    -----      24 Flashes
D64:  0.0236 x 0.0157 RECTANGLE -----      75 Flashes
D65:  0.0590 x 0.0118 OBLONG    -----     180 Flashes
D66:  0.0118 x 0.0590 OBLONG    -----     120 Flashes
D67:  0.1580 x 0.0680 RECTANGLE -----       6 Flashes
D68:  0.0550 x 0.0680 RECTANGLE -----      18 Flashes
D69:  0.0354 x 0.0512 RECTANGLE -----      12 Flashes
D70:  0.0236 x 0.0512 RECTANGLE -----      24 Flashes
D71:  0.0866 ROUND  --       0 Draws,       7 Flashes
D72:  0.1252 OD, 0.1012 ID THERMAL --       3 Flashes
D73:  0.0866 ROUND  --       0 Draws,       2 Flashes
D74:  0.0710 ROUND  --       0 Draws,       9 Flashes
D75:  0.0710 SQUARE --       0 Draws,       1 Flashes
D76:  0.0787 ROUND  --       0 Draws,       2 Flashes
D77:  0.1173 OD, 0.0933 ID THERMAL --       1 Flashes
D78:  0.0787 SQUARE --       0 Draws,       1 Flashes
D79:  0.0708 ROUND  --       0 Draws,      16 Flashes
D80:  0.0708 SQUARE --       0 Draws,       6 Flashes
D81:  0.1094 OD, 0.0854 ID THERMAL --       1 Flashes
D82:  0.1240 ROUND  --       0 Draws,       2 Flashes
D83:  0.1027 ROUND  --       0 Draws,       4 Flashes
D84:  0.1173 OD, 0.0933 ID THERMAL --       2 Flashes
D85:  0.0984 SQUARE --       0 Draws,       2 Flashes
D86:  0.2559 ROUND  --       0 Draws,      10 Flashes
D87:  0.1100 ROUND  --       0 Draws,       4 Flashes
D88:  0.1173 OD, 0.0933 ID THERMAL --       1 Flashes
D89:  0.1100 ROUND  --       0 Draws,       1 Flashes
D90:  0.0050 ROUND  --       0 Draws,     224 Flashes
D91:  0.0394 ROUND  --       0 Draws,     526 Flashes
D92:  0.0394 ROUND  --       0 Draws,     308 Flashes
D93:  0.0050 ROUND  --       0 Draws,       2 Flashes
D94:  0.0710 ROUND  --       0 Draws,       9 Flashes
D95:  0.0710 SQUARE --       0 Draws,       1 Flashes
D96:  0.0787 ROUND  --       0 Draws,       3 Flashes
D97:  0.0787 SQUARE --       0 Draws,       1 Flashes
D98:  0.0708 ROUND  --       0 Draws,      17 Flashes
D99:  0.0708 SQUARE --       0 Draws,       6 Flashes
D100: 0.1240 ROUND  --       0 Draws,       2 Flashes
D101: 0.1027 ROUND  --       0 Draws,       4 Flashes
D102: 0.0236 ROUND  --       0 Draws,      10 Flashes
D103: 0.0060 ROUND  --    6844 Draws,       1 Flashes
D104: 0.0079 ROUND  --     254 Draws,       0 Flashes
D105: 0.0059 ROUND  --     158 Draws,       0 Flashes
D106: 0.0078 ROUND  --      13 Draws,       0 Flashes
---------------------------------------------------------
 97 D-Codes      -----   54822 Draws,    6027 Flashes


No warnings or errors.
